000 (222161404.000.000) 2025-08-22 16:39:19 Job submitted from host: <10.14.0.51:9618?addrs=10.14.0.51-9618&alias=ldas-pcdev5.ligo.caltech.edu&noUDP&sock=schedd_6451_6d8b>
...
001 (222161404.000.000) 2025-08-22 16:40:35 Job executing on host: <10.14.9.123:9618?addrs=10.14.9.123-9618&alias=node2123.cluster.ldas.cit&noUDP&sock=startd_2917624_f705>
	SlotName: slot1_1@node2123.cluster.ldas.cit
	CondorScratchDir = "/var/lib/condor/execute/dir_2499181"
	Cpus = 16
	Disk = 33555456
	GPUs = 0
	Memory = 32768
...
006 (222161404.000.000) 2025-08-22 16:40:44 Image size of job updated: 540416
	528  -  MemoryUsage of job (MB)
	540416  -  ResidentSetSize of job (KB)
...
006 (222161404.000.000) 2025-08-22 16:45:45 Image size of job updated: 2232944
	2028  -  MemoryUsage of job (MB)
	2075832  -  ResidentSetSize of job (KB)
...
006 (222161404.000.000) 2025-08-22 16:50:45 Image size of job updated: 2232944
	2052  -  MemoryUsage of job (MB)
	2101192  -  ResidentSetSize of job (KB)
...
006 (222161404.000.000) 2025-08-22 16:55:45 Image size of job updated: 2263352
	2095  -  MemoryUsage of job (MB)
	2144368  -  ResidentSetSize of job (KB)
...
